<?xml version="1.0" ?>
<coverage version="7.11.3" timestamp="1763801545589" lines-valid="295" lines-covered="217" line-rate="0.7356" branches-covered="0" branches-valid="0" branch-rate="0" complexity="0">
	<!-- Generated by coverage.py: https://coverage.readthedocs.io/en/7.11.3 -->
	<!-- Based on https://raw.githubusercontent.com/cobertura/web/master/htdocs/xml/coverage-04.dtd -->
	<sources>
		<source>/Users/ritwik/Projects/microservice-starter/app</source>
	</sources>
	<packages>
		<package name="." line-rate="0.7241" branch-rate="0" complexity="0">
			<classes>
				<class name="__init__.py" filename="__init__.py" complexity="0" line-rate="1" branch-rate="0">
					<methods/>
					<lines/>
				</class>
				<class name="main.py" filename="main.py" complexity="0" line-rate="0.7241" branch-rate="0">
					<methods/>
					<lines>
						<line number="1" hits="1"/>
						<line number="2" hits="1"/>
						<line number="4" hits="1"/>
						<line number="6" hits="1"/>
						<line number="7" hits="1"/>
						<line number="8" hits="1"/>
						<line number="9" hits="1"/>
						<line number="10" hits="1"/>
						<line number="11" hits="1"/>
						<line number="12" hits="1"/>
						<line number="15" hits="1"/>
						<line number="16" hits="1"/>
						<line number="19" hits="0"/>
						<line number="20" hits="0"/>
						<line number="21" hits="0"/>
						<line number="23" hits="0"/>
						<line number="26" hits="0"/>
						<line number="27" hits="0"/>
						<line number="30" hits="1"/>
						<line number="38" hits="1"/>
						<line number="39" hits="1"/>
						<line number="42" hits="1"/>
						<line number="43" hits="1"/>
						<line number="46" hits="1"/>
						<line number="47" hits="1"/>
						<line number="49" hits="0"/>
						<line number="52" hits="1"/>
						<line number="53" hits="1"/>
						<line number="55" hits="0"/>
					</lines>
				</class>
				<class name="routes.py" filename="routes.py" complexity="0" line-rate="1" branch-rate="0">
					<methods/>
					<lines/>
				</class>
			</classes>
		</package>
		<package name="api" line-rate="1" branch-rate="0" complexity="0">
			<classes>
				<class name="__init__.py" filename="api/__init__.py" complexity="0" line-rate="1" branch-rate="0">
					<methods/>
					<lines/>
				</class>
			</classes>
		</package>
		<package name="api.v1" line-rate="0.6182" branch-rate="0" complexity="0">
			<classes>
				<class name="__init__.py" filename="api/v1/__init__.py" complexity="0" line-rate="1" branch-rate="0">
					<methods/>
					<lines/>
				</class>
				<class name="items.py" filename="api/v1/items.py" complexity="0" line-rate="0.7308" branch-rate="0">
					<methods/>
					<lines>
						<line number="1" hits="1"/>
						<line number="3" hits="1"/>
						<line number="4" hits="1"/>
						<line number="5" hits="1"/>
						<line number="7" hits="1"/>
						<line number="8" hits="1"/>
						<line number="9" hits="1"/>
						<line number="11" hits="1"/>
						<line number="14" hits="1"/>
						<line number="15" hits="1"/>
						<line number="21" hits="1"/>
						<line number="22" hits="0"/>
						<line number="25" hits="1"/>
						<line number="26" hits="1"/>
						<line number="31" hits="1"/>
						<line number="32" hits="1"/>
						<line number="33" hits="1"/>
						<line number="34" hits="0"/>
						<line number="35" hits="0"/>
						<line number="38" hits="1"/>
						<line number="39" hits="1"/>
						<line number="44" hits="1"/>
						<line number="45" hits="0"/>
						<line number="47" hits="0"/>
						<line number="48" hits="0"/>
						<line number="53" hits="0"/>
					</lines>
				</class>
				<class name="users.py" filename="api/v1/users.py" complexity="0" line-rate="0.5172" branch-rate="0">
					<methods/>
					<lines>
						<line number="1" hits="1"/>
						<line number="3" hits="1"/>
						<line number="4" hits="1"/>
						<line number="5" hits="1"/>
						<line number="7" hits="1"/>
						<line number="8" hits="1"/>
						<line number="9" hits="1"/>
						<line number="11" hits="1"/>
						<line number="14" hits="1"/>
						<line number="15" hits="1"/>
						<line number="21" hits="0"/>
						<line number="22" hits="0"/>
						<line number="25" hits="1"/>
						<line number="26" hits="1"/>
						<line number="32" hits="1"/>
						<line number="35" hits="0"/>
						<line number="36" hits="0"/>
						<line number="41" hits="0"/>
						<line number="42" hits="0"/>
						<line number="43" hits="0"/>
						<line number="44" hits="0"/>
						<line number="45" hits="0"/>
						<line number="48" hits="1"/>
						<line number="49" hits="1"/>
						<line number="54" hits="0"/>
						<line number="55" hits="0"/>
						<line number="57" hits="0"/>
						<line number="58" hits="0"/>
						<line number="63" hits="0"/>
					</lines>
				</class>
			</classes>
		</package>
		<package name="core" line-rate="0.9241" branch-rate="0" complexity="0">
			<classes>
				<class name="__init__.py" filename="core/__init__.py" complexity="0" line-rate="1" branch-rate="0">
					<methods/>
					<lines/>
				</class>
				<class name="config.py" filename="core/config.py" complexity="0" line-rate="1" branch-rate="0">
					<methods/>
					<lines>
						<line number="1" hits="1"/>
						<line number="2" hits="1"/>
						<line number="5" hits="1"/>
						<line number="8" hits="1"/>
						<line number="15" hits="1"/>
						<line number="16" hits="1"/>
						<line number="17" hits="1"/>
						<line number="20" hits="1"/>
						<line number="21" hits="1"/>
						<line number="22" hits="1"/>
						<line number="25" hits="1"/>
						<line number="28" hits="1"/>
						<line number="29" hits="1"/>
						<line number="32" hits="1"/>
						<line number="33" hits="1"/>
						<line number="36" hits="1"/>
						<line number="37" hits="1"/>
						<line number="38" hits="1"/>
						<line number="41" hits="1"/>
						<line number="42" hits="1"/>
						<line number="43" hits="1"/>
						<line number="44" hits="1"/>
						<line number="47" hits="1"/>
						<line number="48" hits="1"/>
						<line number="51" hits="1"/>
						<line number="54" hits="1"/>
					</lines>
				</class>
				<class name="logging.py" filename="core/logging.py" complexity="0" line-rate="0.8571" branch-rate="0">
					<methods/>
					<lines>
						<line number="1" hits="1"/>
						<line number="2" hits="1"/>
						<line number="4" hits="1"/>
						<line number="7" hits="1"/>
						<line number="11" hits="0"/>
						<line number="29" hits="1"/>
						<line number="31" hits="1"/>
					</lines>
				</class>
				<class name="middleware.py" filename="core/middleware.py" complexity="0" line-rate="1" branch-rate="0">
					<methods/>
					<lines>
						<line number="1" hits="1"/>
						<line number="2" hits="1"/>
						<line number="4" hits="1"/>
						<line number="5" hits="1"/>
						<line number="6" hits="1"/>
						<line number="8" hits="1"/>
						<line number="9" hits="1"/>
						<line number="11" hits="1"/>
						<line number="14" hits="1"/>
						<line number="19" hits="1"/>
						<line number="21" hits="1"/>
						<line number="23" hits="1"/>
						<line number="24" hits="1"/>
						<line number="32" hits="1"/>
						<line number="33" hits="1"/>
						<line number="36" hits="1"/>
						<line number="40" hits="1"/>
						<line number="49" hits="1"/>
						<line number="52" hits="1"/>
					</lines>
				</class>
				<class name="telemetry.py" filename="core/telemetry.py" complexity="0" line-rate="0.8148" branch-rate="0">
					<methods/>
					<lines>
						<line number="1" hits="1"/>
						<line number="3" hits="1"/>
						<line number="4" hits="1"/>
						<line number="5" hits="1"/>
						<line number="6" hits="1"/>
						<line number="7" hits="1"/>
						<line number="8" hits="1"/>
						<line number="9" hits="1"/>
						<line number="11" hits="1"/>
						<line number="12" hits="1"/>
						<line number="14" hits="1"/>
						<line number="17" hits="1"/>
						<line number="20" hits="1"/>
						<line number="21" hits="0"/>
						<line number="22" hits="0"/>
						<line number="25" hits="1"/>
						<line number="33" hits="1"/>
						<line number="36" hits="1"/>
						<line number="37" hits="1"/>
						<line number="41" hits="1"/>
						<line number="42" hits="1"/>
						<line number="45" hits="1"/>
						<line number="47" hits="1"/>
						<line number="51" hits="0"/>
						<line number="52" hits="0"/>
						<line number="55" hits="1"/>
						<line number="57" hits="0"/>
					</lines>
				</class>
			</classes>
		</package>
		<package name="db" line-rate="0.5278" branch-rate="0" complexity="0">
			<classes>
				<class name="__init__.py" filename="db/__init__.py" complexity="0" line-rate="1" branch-rate="0">
					<methods/>
					<lines/>
				</class>
				<class name="base.py" filename="db/base.py" complexity="0" line-rate="1" branch-rate="0">
					<methods/>
					<lines>
						<line number="1" hits="1"/>
						<line number="3" hits="1"/>
						<line number="4" hits="1"/>
						<line number="7" hits="1"/>
						<line number="10" hits="1"/>
						<line number="13" hits="1"/>
						<line number="16" hits="1"/>
						<line number="21" hits="1"/>
					</lines>
				</class>
				<class name="session.py" filename="db/session.py" complexity="0" line-rate="0.3929" branch-rate="0">
					<methods/>
					<lines>
						<line number="1" hits="1"/>
						<line number="2" hits="1"/>
						<line number="4" hits="1"/>
						<line number="6" hits="1"/>
						<line number="7" hits="1"/>
						<line number="9" hits="1"/>
						<line number="11" hits="1"/>
						<line number="12" hits="1"/>
						<line number="15" hits="1"/>
						<line number="19" hits="0"/>
						<line number="21" hits="0"/>
						<line number="28" hits="0"/>
						<line number="34" hits="0"/>
						<line number="37" hits="1"/>
						<line number="41" hits="0"/>
						<line number="42" hits="0"/>
						<line number="43" hits="0"/>
						<line number="44" hits="0"/>
						<line number="47" hits="1"/>
						<line number="49" hits="0"/>
						<line number="50" hits="0"/>
						<line number="52" hits="0"/>
						<line number="53" hits="0"/>
						<line number="54" hits="0"/>
						<line number="55" hits="0"/>
						<line number="56" hits="0"/>
						<line number="57" hits="0"/>
						<line number="59" hits="0"/>
					</lines>
				</class>
			</classes>
		</package>
		<package name="models" line-rate="1" branch-rate="0" complexity="0">
			<classes>
				<class name="__init__.py" filename="models/__init__.py" complexity="0" line-rate="1" branch-rate="0">
					<methods/>
					<lines>
						<line number="1" hits="1"/>
						<line number="2" hits="1"/>
						<line number="4" hits="1"/>
					</lines>
				</class>
				<class name="item.py" filename="models/item.py" complexity="0" line-rate="1" branch-rate="0">
					<methods/>
					<lines>
						<line number="1" hits="1"/>
						<line number="2" hits="1"/>
						<line number="4" hits="1"/>
						<line number="7" hits="1"/>
						<line number="10" hits="1"/>
						<line number="12" hits="1"/>
						<line number="13" hits="1"/>
						<line number="14" hits="1"/>
						<line number="15" hits="1"/>
					</lines>
				</class>
				<class name="user.py" filename="models/user.py" complexity="0" line-rate="1" branch-rate="0">
					<methods/>
					<lines>
						<line number="1" hits="1"/>
						<line number="2" hits="1"/>
						<line number="4" hits="1"/>
						<line number="7" hits="1"/>
						<line number="10" hits="1"/>
						<line number="12" hits="1"/>
						<line number="13" hits="1"/>
						<line number="14" hits="1"/>
						<line number="15" hits="1"/>
						<line number="16" hits="1"/>
					</lines>
				</class>
			</classes>
		</package>
		<package name="schemas" line-rate="1" branch-rate="0" complexity="0">
			<classes>
				<class name="__init__.py" filename="schemas/__init__.py" complexity="0" line-rate="1" branch-rate="0">
					<methods/>
					<lines/>
				</class>
				<class name="item.py" filename="schemas/item.py" complexity="0" line-rate="1" branch-rate="0">
					<methods/>
					<lines>
						<line number="1" hits="1"/>
						<line number="3" hits="1"/>
						<line number="6" hits="1"/>
						<line number="9" hits="1"/>
						<line number="10" hits="1"/>
						<line number="13" hits="1"/>
						<line number="16" hits="1"/>
						<line number="19" hits="1"/>
						<line number="22" hits="1"/>
						<line number="23" hits="1"/>
						<line number="26" hits="1"/>
						<line number="29" hits="1"/>
						<line number="31" hits="1"/>
						<line number="32" hits="1"/>
						<line number="33" hits="1"/>
						<line number="34" hits="1"/>
					</lines>
				</class>
				<class name="user.py" filename="schemas/user.py" complexity="0" line-rate="1" branch-rate="0">
					<methods/>
					<lines>
						<line number="1" hits="1"/>
						<line number="3" hits="1"/>
						<line number="6" hits="1"/>
						<line number="9" hits="1"/>
						<line number="10" hits="1"/>
						<line number="11" hits="1"/>
						<line number="14" hits="1"/>
						<line number="17" hits="1"/>
						<line number="20" hits="1"/>
						<line number="23" hits="1"/>
						<line number="24" hits="1"/>
						<line number="25" hits="1"/>
						<line number="26" hits="1"/>
						<line number="29" hits="1"/>
						<line number="32" hits="1"/>
						<line number="34" hits="1"/>
						<line number="35" hits="1"/>
						<line number="36" hits="1"/>
						<line number="37" hits="1"/>
					</lines>
				</class>
			</classes>
		</package>
		<package name="services" line-rate="0.3333" branch-rate="0" complexity="0">
			<classes>
				<class name="__init__.py" filename="services/__init__.py" complexity="0" line-rate="1" branch-rate="0">
					<methods/>
					<lines/>
				</class>
				<class name="cache.py" filename="services/cache.py" complexity="0" line-rate="0.3333" branch-rate="0">
					<methods/>
					<lines>
						<line number="1" hits="1"/>
						<line number="2" hits="1"/>
						<line number="4" hits="1"/>
						<line number="6" hits="1"/>
						<line number="7" hits="1"/>
						<line number="9" hits="1"/>
						<line number="11" hits="1"/>
						<line number="12" hits="1"/>
						<line number="15" hits="1"/>
						<line number="19" hits="0"/>
						<line number="21" hits="0"/>
						<line number="27" hits="0"/>
						<line number="30" hits="0"/>
						<line number="31" hits="0"/>
						<line number="32" hits="0"/>
						<line number="33" hits="0"/>
						<line number="35" hits="0"/>
						<line number="38" hits="1"/>
						<line number="42" hits="0"/>
						<line number="43" hits="0"/>
						<line number="44" hits="0"/>
						<line number="46" hits="0"/>
						<line number="47" hits="0"/>
						<line number="49" hits="0"/>
						<line number="52" hits="1"/>
						<line number="54" hits="0"/>
						<line number="55" hits="0"/>
						<line number="57" hits="0"/>
						<line number="58" hits="0"/>
						<line number="59" hits="0"/>
						<line number="60" hits="0"/>
						<line number="63" hits="1"/>
						<line number="65" hits="0"/>
						<line number="66" hits="0"/>
						<line number="68" hits="0"/>
						<line number="71" hits="1"/>
						<line number="73" hits="0"/>
						<line number="74" hits="0"/>
						<line number="76" hits="0"/>
					</lines>
				</class>
			</classes>
		</package>
	</packages>
</coverage>
